\BOOKMARK [0][-]{chapter*.1}{\376\377\000A\000b\000s\000t\000r\000a\000c\000t}{}% 1
\BOOKMARK [0][-]{chapter*.2}{\376\377\000R\000e\000s\000u\000m\000e\000n}{}% 2
\BOOKMARK [0][-]{chapter*.3}{\376\377\000R\000e\000s\000u\000m}{}% 3
\BOOKMARK [0][-]{chapter*.4}{\376\377\000A\000c\000k\000n\000o\000w\000l\000e\000d\000g\000m\000e\000n\000t\000s\000/\000A\000g\000r\000a\000d\000e\000c\000i\000m\000i\000e\000n\000t\000o\000s}{}% 4
\BOOKMARK [0][-]{chapter*.5}{\376\377\000L\000i\000s\000t\000\040\000o\000f\000\040\000P\000u\000b\000l\000i\000c\000a\000t\000i\000o\000n\000s}{}% 5
\BOOKMARK [0][-]{chapter.1}{\376\377\000I\000n\000t\000r\000o\000d\000u\000c\000t\000i\000o\000n}{}% 6
\BOOKMARK [1][-]{section.1.1}{\376\377\000O\000b\000j\000e\000c\000t\000i\000v\000e\000s\000,\000\040\000t\000h\000e\000s\000i\000s\000\040\000s\000t\000r\000u\000c\000t\000u\000r\000e\000\040\000a\000n\000d\000\040\000r\000e\000s\000e\000a\000r\000c\000h\000\040\000c\000o\000n\000t\000r\000i\000b\000u\000t\000i\000o\000n\000s}{chapter.1}% 7
\BOOKMARK [0][-]{chapter.2}{\376\377\000P\000r\000e\000l\000i\000m\000i\000n\000a\000r\000i\000e\000s}{}% 8
\BOOKMARK [1][-]{section.2.1}{\376\377\000N\000o\000t\000a\000t\000i\000o\000n\000\040\000a\000n\000d\000\040\000g\000e\000n\000e\000r\000a\000l\000\040\000r\000e\000s\000u\000l\000t\000s}{chapter.2}% 9
\BOOKMARK [1][-]{section.2.2}{\376\377\000F\000u\000z\000z\000y\000\040\000s\000e\000t\000s\000,\000\040\000m\000e\000m\000b\000e\000r\000s\000h\000i\000p\000\040\000f\000u\000n\000c\000t\000i\000o\000n\000s\000\040\000a\000n\000d\000\040\000l\000i\000n\000g\000u\000i\000s\000t\000i\000c\000\040\000v\000a\000r\000i\000a\000b\000l\000e\000s}{chapter.2}% 10
\BOOKMARK [1][-]{section.2.3}{\376\377\000F\000u\000z\000z\000y\000\040\000n\000e\000g\000a\000t\000i\000o\000n\000s\000,\000\040\000t\000-\000n\000o\000r\000m\000s\000,\000\040\000t\000-\000c\000o\000n\000o\000r\000m\000s\000,\000\040\000u\000n\000i\000n\000o\000r\000m\000s\000\040\000a\000n\000d\000\040\000c\000o\000p\000u\000l\000a\000s}{chapter.2}% 11
\BOOKMARK [2][-]{subsection.2.3.1}{\376\377\000F\000u\000z\000z\000y\000\040\000n\000e\000g\000a\000t\000i\000o\000n\000s}{section.2.3}% 12
\BOOKMARK [2][-]{subsection.2.3.2}{\376\377\000T\000r\000i\000a\000n\000g\000u\000l\000a\000r\000\040\000n\000o\000r\000m\000s\000\040\000a\000n\000d\000\040\000t\000r\000i\000a\000n\000g\000u\000l\000a\000r\000\040\000c\000o\000n\000o\000r\000m\000s}{section.2.3}% 13
\BOOKMARK [2][-]{subsection.2.3.3}{\376\377\000U\000n\000i\000n\000o\000r\000m\000s}{section.2.3}% 14
\BOOKMARK [3][-]{subsubsection.2.3.3.1}{\376\377\000U\000n\000i\000n\000o\000r\000m\000s\000\040\000i\000n\000\040\000U\000\040\000a\000n\000d\000\040\000U}{subsection.2.3.3}% 15
\BOOKMARK [3][-]{subsubsection.2.3.3.2}{\376\377\000I\000d\000e\000m\000p\000o\000t\000e\000n\000t\000\040\000u\000n\000i\000n\000o\000r\000m\000s}{subsection.2.3.3}% 16
\BOOKMARK [3][-]{subsubsection.2.3.3.3}{\376\377\000R\000e\000p\000r\000e\000s\000e\000n\000t\000a\000b\000l\000e\000\040\000u\000n\000i\000n\000o\000r\000m\000s}{subsection.2.3.3}% 17
\BOOKMARK [2][-]{subsection.2.3.4}{\376\377\000C\000o\000p\000u\000l\000a\000s}{section.2.3}% 18
\BOOKMARK [1][-]{section.2.4}{\376\377\000F\000u\000z\000z\000y\000\040\000i\000m\000p\000l\000i\000c\000a\000t\000i\000o\000n\000\040\000f\000u\000n\000c\000t\000i\000o\000n\000s}{chapter.2}% 19
\BOOKMARK [2][-]{subsection.2.4.1}{\376\377\000D\000e\000f\000i\000n\000i\000t\000i\000o\000n\000\040\000a\000n\000d\000\040\000a\000d\000d\000i\000t\000i\000o\000n\000a\000l\000\040\000p\000r\000o\000p\000e\000r\000t\000i\000e\000s}{section.2.4}% 20
\BOOKMARK [2][-]{subsection.2.4.2}{\376\377\000F\000a\000m\000i\000l\000i\000e\000s\000\040\000o\000f\000\040\000f\000u\000z\000z\000y\000\040\000i\000m\000p\000l\000i\000c\000a\000t\000i\000o\000n\000\040\000f\000u\000n\000c\000t\000i\000o\000n\000s}{section.2.4}% 21
\BOOKMARK [3][-]{subsubsection.2.4.2.1}{\376\377\000\050\000S\000,\000N\000\051\000\040\000a\000n\000d\000\040\000\050\000U\000,\000N\000\051\000-\000i\000m\000p\000l\000i\000c\000a\000t\000i\000o\000n\000s}{subsection.2.4.2}% 22
\BOOKMARK [3][-]{subsubsection.2.4.2.2}{\376\377\000R\000\040\000a\000n\000d\000\040\000R\000U\000-\000i\000m\000p\000l\000i\000c\000a\000t\000i\000o\000n\000s}{subsection.2.4.2}% 23
\BOOKMARK [3][-]{subsubsection.2.4.2.3}{\376\377\000Q\000L\000\040\000a\000n\000d\000\040\000D\000-\000i\000m\000p\000l\000i\000c\000a\000t\000i\000o\000n\000s}{subsection.2.4.2}% 24
\BOOKMARK [3][-]{subsubsection.2.4.2.4}{\376\377\000Y\000a\000g\000e\000r\000'\000s\000\040\000f\000\040\000a\000n\000d\000\040\000g\000-\000g\000e\000n\000e\000r\000a\000t\000e\000d\000,\000\040\000h\000\040\000a\000n\000d\000\040\000k\000-\000i\000m\000p\000l\000i\000c\000a\000t\000i\000o\000n\000s}{subsection.2.4.2}% 25
\BOOKMARK [3][-]{subsubsection.2.4.2.5}{\376\377\000P\000r\000o\000b\000a\000b\000i\000l\000i\000s\000t\000i\000c\000\040\000i\000m\000p\000l\000i\000c\000a\000t\000i\000o\000n\000s}{subsection.2.4.2}% 26
\BOOKMARK [3][-]{subsubsection.2.4.2.6}{\376\377\000P\000o\000w\000e\000r\000-\000b\000a\000s\000e\000d\000\040\000i\000m\000p\000l\000i\000c\000a\000t\000i\000o\000n\000s}{subsection.2.4.2}% 27
\BOOKMARK [0][-]{chapter.3}{\376\377\000C\000h\000a\000r\000a\000c\000t\000e\000r\000i\000z\000a\000t\000i\000o\000n\000\040\000o\000f\000\040\000g\000e\000n\000e\000r\000a\000l\000i\000z\000e\000d\000\040\000\050\000h\000,\000e\000\051\000-\000i\000m\000p\000l\000i\000c\000a\000t\000i\000o\000n\000s}{}% 28
\BOOKMARK [1][-]{section.3.1}{\376\377\000I\000n\000t\000r\000o\000d\000u\000c\000t\000i\000o\000n}{chapter.3}% 29
\BOOKMARK [1][-]{section.3.2}{\376\377\000D\000e\000f\000i\000n\000i\000t\000i\000o\000n\000\040\000a\000n\000d\000\040\000a\000d\000d\000i\000t\000i\000o\000n\000a\000l\000\040\000p\000r\000o\000p\000e\000r\000t\000i\000e\000s\000\040\000o\000f\000\040\000g\000e\000n\000e\000r\000a\000l\000i\000z\000e\000d\000\040\000\050\000h\000,\000e\000\051\000-\000i\000m\000p\000l\000i\000c\000a\000t\000i\000o\000n\000s}{chapter.3}% 30
\BOOKMARK [2][-]{subsection.3.2.1}{\376\377\000R\000e\000p\000r\000e\000s\000e\000n\000t\000a\000t\000i\000o\000n\000\040\000t\000h\000e\000o\000r\000e\000m}{section.3.2}% 31
\BOOKMARK [1][-]{section.3.3}{\376\377\000G\000e\000n\000e\000r\000a\000l\000i\000z\000e\000d\000\040\000Y\000a\000g\000e\000r\000'\000s\000\040\000i\000m\000p\000l\000i\000c\000a\000t\000i\000o\000n\000s}{chapter.3}% 32
\BOOKMARK [2][-]{subsection.3.3.1}{\376\377\000G\000e\000n\000e\000r\000a\000l\000i\000z\000a\000t\000i\000o\000n\000\040\000o\000f\000\040\000Y\000a\000g\000e\000r\000'\000s\000\040\000f\000-\000g\000e\000n\000e\000r\000a\000t\000e\000d\000\040\000i\000m\000p\000l\000i\000c\000a\000t\000i\000o\000n\000s}{section.3.3}% 33
\BOOKMARK [2][-]{subsection.3.3.2}{\376\377\000G\000e\000n\000e\000r\000a\000l\000i\000z\000a\000t\000i\000o\000n\000\040\000o\000f\000\040\000Y\000a\000g\000e\000r\000'\000s\000\040\000g\000-\000g\000e\000n\000e\000r\000a\000t\000e\000d\000\040\000i\000m\000p\000l\000i\000c\000a\000t\000i\000o\000n\000s}{section.3.3}% 34
\BOOKMARK [2][-]{subsection.3.3.3}{\376\377\000S\000u\000m\000m\000a\000r\000y}{section.3.3}% 35
\BOOKMARK [2][-]{subsection.3.3.4}{\376\377\000I\000n\000t\000e\000r\000s\000e\000c\000t\000i\000o\000n\000s\000\040\000b\000e\000t\000w\000e\000e\000n\000\040\000\050\000f\000,\000g\000\051\000\040\000a\000n\000d\000\040\000\050\000g\000,\000f\000\051\000-\000i\000m\000p\000l\000i\000c\000a\000t\000i\000o\000n\000s}{section.3.3}% 36
\BOOKMARK [1][-]{section.3.4}{\376\377\000C\000h\000a\000r\000a\000c\000t\000e\000r\000i\000z\000a\000t\000i\000o\000n\000s\000\040\000o\000f\000\040\000\050\000f\000,\000e\000\051\000\040\000a\000n\000d\000\040\000\050\000g\000,\000e\000\051\000-\000i\000m\000p\000l\000i\000c\000a\000t\000i\000o\000n\000s}{chapter.3}% 37
\BOOKMARK [2][-]{subsection.3.4.1}{\376\377\000C\000h\000a\000r\000a\000c\000t\000e\000r\000i\000z\000a\000t\000i\000o\000n\000s\000\040\000o\000f\000\040\000\050\000f\000,\000e\000\051\000-\000g\000e\000n\000e\000r\000a\000t\000e\000d\000\040\000i\000m\000p\000l\000i\000c\000a\000t\000i\000o\000n\000s}{section.3.4}% 38
\BOOKMARK [2][-]{subsection.3.4.2}{\376\377\000C\000h\000a\000r\000a\000c\000t\000e\000r\000i\000z\000a\000t\000i\000o\000n\000s\000\040\000o\000f\000\040\000\050\000g\000,\000e\000\051\000-\000g\000e\000n\000e\000r\000a\000t\000e\000d\000\040\000i\000m\000p\000l\000i\000c\000a\000t\000i\000o\000n\000s}{section.3.4}% 39
\BOOKMARK [1][-]{section.3.5}{\376\377\000R\000e\000p\000r\000e\000s\000e\000n\000t\000a\000t\000i\000o\000n\000s\000\040\000o\000f\000\040\000\050\000f\000,\000e\000\051\000\040\000a\000n\000d\000\040\000\050\000g\000,\000e\000\051\000-\000i\000m\000p\000l\000i\000c\000a\000t\000i\000o\000n\000s}{chapter.3}% 40
\BOOKMARK [1][-]{section.3.6}{\376\377\000C\000h\000a\000r\000a\000c\000t\000e\000r\000i\000z\000a\000t\000i\000o\000n\000s\000\040\000o\000f\000\040\000g\000e\000n\000e\000r\000a\000l\000i\000z\000e\000d\000\040\000\050\000h\000,\000e\000\051\000-\000i\000m\000p\000l\000i\000c\000a\000t\000i\000o\000n\000s}{chapter.3}% 41
\BOOKMARK [1][-]{section.3.7}{\376\377\000C\000o\000n\000c\000l\000u\000s\000i\000o\000n\000s\000\040\000a\000n\000d\000\040\000f\000u\000t\000u\000r\000e\000\040\000w\000o\000r\000k}{chapter.3}% 42
\BOOKMARK [0][-]{chapter.4}{\376\377\000T\000-\000p\000o\000w\000e\000r\000\040\000i\000n\000v\000a\000r\000i\000a\000n\000t\000\040\000i\000m\000p\000l\000i\000c\000a\000t\000i\000o\000n\000s}{}% 43
\BOOKMARK [1][-]{section.4.1}{\376\377\000I\000n\000t\000r\000o\000d\000u\000c\000t\000i\000o\000n}{chapter.4}% 44
\BOOKMARK [1][-]{section.4.2}{\376\377\000S\000t\000r\000i\000c\000t\000\040\000a\000n\000d\000\040\000n\000i\000l\000p\000o\000t\000e\000n\000t\000\040\000T\000-\000p\000o\000w\000e\000r\000\040\000i\000n\000v\000a\000r\000i\000a\000n\000t\000\040\000i\000m\000p\000l\000i\000c\000a\000t\000i\000o\000n\000s}{chapter.4}% 45
\BOOKMARK [2][-]{subsection.4.2.1}{\376\377\000S\000t\000r\000i\000c\000t\000\040\000T\000-\000p\000o\000w\000e\000r\000\040\000i\000n\000v\000a\000r\000i\000a\000n\000t\000\040\000i\000m\000p\000l\000i\000c\000a\000t\000i\000o\000n\000s}{section.4.2}% 46
\BOOKMARK [2][-]{subsection.4.2.2}{\376\377\000N\000i\000l\000p\000o\000t\000e\000n\000t\000\040\000T\000-\000p\000o\000w\000e\000r\000\040\000i\000n\000v\000a\000r\000i\000a\000n\000t\000\040\000i\000m\000p\000l\000i\000c\000a\000t\000i\000o\000n\000s}{section.4.2}% 47
\BOOKMARK [1][-]{section.4.3}{\376\377\000A\000d\000d\000i\000t\000i\000o\000n\000a\000l\000\040\000p\000r\000o\000p\000e\000r\000t\000i\000e\000s\000\040\000o\000f\000\040\000s\000t\000r\000i\000c\000t\000\040\000a\000n\000d\000\040\000n\000i\000l\000p\000o\000t\000e\000n\000t\000\040\000T\000-\000p\000o\000w\000e\000r\000\040\000i\000n\000v\000a\000r\000i\000a\000n\000t\000\040\000i\000m\000p\000l\000i\000c\000a\000t\000i\000o\000n\000s}{chapter.4}% 48
\BOOKMARK [2][-]{subsection.4.3.1}{\376\377\000A\000d\000d\000i\000t\000i\000o\000n\000a\000l\000\040\000p\000r\000o\000p\000e\000r\000t\000i\000e\000s\000\040\000o\000f\000\040\000s\000t\000r\000i\000c\000t\000\040\000T\000-\000p\000o\000w\000e\000r\000\040\000i\000n\000v\000a\000r\000i\000a\000n\000t\000\040\000i\000m\000p\000l\000i\000c\000a\000t\000i\000o\000n\000s}{section.4.3}% 49
\BOOKMARK [2][-]{subsection.4.3.2}{\376\377\000A\000d\000d\000i\000t\000i\000o\000n\000a\000l\000\040\000p\000r\000o\000p\000e\000r\000t\000i\000e\000s\000\040\000o\000f\000\040\000n\000i\000l\000p\000o\000t\000e\000n\000t\000\040\000T\000-\000p\000o\000w\000e\000r\000\040\000i\000n\000v\000a\000r\000i\000a\000n\000t\000\040\000i\000m\000p\000l\000i\000c\000a\000t\000i\000o\000n\000s}{section.4.3}% 50
\BOOKMARK [2][-]{subsection.4.3.3}{\376\377\000S\000u\000m\000m\000a\000r\000y}{section.4.3}% 51
\BOOKMARK [1][-]{section.4.4}{\376\377\000I\000n\000t\000e\000r\000s\000e\000c\000t\000i\000o\000n\000s}{chapter.4}% 52
\BOOKMARK [2][-]{subsection.4.4.1}{\376\377\000S\000u\000m\000m\000a\000r\000y}{section.4.4}% 53
\BOOKMARK [1][-]{section.4.5}{\376\377\000C\000o\000n\000c\000l\000u\000s\000i\000o\000n\000s\000\040\000a\000n\000d\000\040\000f\000u\000t\000u\000r\000e\000\040\000w\000o\000r\000k}{chapter.4}% 54
\BOOKMARK [0][-]{chapter.5}{\376\377\000C\000h\000a\000r\000a\000c\000t\000e\000r\000i\000z\000a\000t\000i\000o\000n\000s\000\040\000o\000f\000\040\000\050\000S\000,\000N\000\051\000-\000i\000m\000p\000l\000i\000c\000a\000t\000i\000o\000n\000s\000\040\000w\000i\000t\000h\000\040\000a\000\040\000n\000o\000n\000-\000c\000o\000n\000t\000i\000n\000u\000o\000u\000s\000\040\000n\000e\000g\000a\000t\000i\000o\000n}{}% 55
\BOOKMARK [1][-]{section.5.1}{\376\377\000I\000n\000t\000r\000o\000d\000u\000c\000t\000i\000o\000n}{chapter.5}% 56
\BOOKMARK [1][-]{section.5.2}{\376\377\000D\000i\000s\000c\000u\000s\000s\000i\000o\000n\000\040\000a\000n\000d\000\040\000p\000r\000e\000v\000i\000o\000u\000s\000\040\000c\000o\000n\000s\000i\000d\000e\000r\000a\000t\000i\000o\000n\000s}{chapter.5}% 57
\BOOKMARK [2][-]{subsection.5.2.1}{\376\377\000N\000o\000n\000-\000u\000n\000i\000c\000i\000t\000y\000\040\000o\000f\000\040\000t\000h\000e\000\040\000t\000-\000c\000o\000n\000o\000r\000m\000\040\000S}{section.5.2}% 58
\BOOKMARK [2][-]{subsection.5.2.2}{\376\377\000D\000e\000f\000i\000n\000i\000t\000i\000o\000n\000\040\000o\000f\000\040\000R\000N\000*\000\040\000f\000o\000r\000\040\000a\000\040\000n\000o\000n\000-\000c\000o\000n\000t\000i\000n\000u\000o\000u\000s\000\040\000n\000e\000g\000a\000t\000i\000o\000n\000\040\000N}{section.5.2}% 59
\BOOKMARK [2][-]{subsection.5.2.3}{\376\377\000T\000o\000w\000a\000r\000d\000s\000\040\000t\000h\000e\000\040\000c\000o\000n\000s\000t\000r\000u\000c\000t\000i\000o\000n\000\040\000o\000f\000\040\000a\000\040\000r\000e\000p\000r\000e\000s\000e\000n\000t\000a\000t\000i\000v\000e}{section.5.2}% 60
\BOOKMARK [1][-]{section.5.3}{\376\377\000C\000h\000a\000r\000a\000c\000t\000e\000r\000i\000z\000a\000t\000i\000o\000n\000\040\000o\000f\000\040\000\050\000S\000,\000N\000\051\000-\000i\000m\000p\000l\000i\000c\000a\000t\000i\000o\000n\000s\000\040\000f\000o\000r\000\040\000a\000\040\000n\000o\000n\000-\000c\000o\000n\000t\000i\000n\000u\000o\000u\000s\000\040\000f\000u\000z\000z\000y\000\040\000n\000e\000g\000a\000t\000i\000o\000n\000\040\000N}{chapter.5}% 61
\BOOKMARK [1][-]{section.5.4}{\376\377\000T\000h\000e\000\040\000p\000r\000o\000b\000l\000e\000m\000\040\000o\000f\000\040\000t\000h\000e\000\040\000c\000o\000m\000p\000l\000e\000t\000i\000o\000n\000s\000\040\000o\000f\000\040\000t\000-\000n\000o\000r\000m\000s\000\040\000o\000r\000\040\000t\000-\000c\000o\000n\000o\000r\000m\000s}{chapter.5}% 62
\BOOKMARK [2][-]{subsection.5.4.1}{\376\377\000D\000e\000s\000c\000r\000i\000p\000t\000i\000o\000n\000\040\000o\000f\000\040\000t\000h\000e\000\040\000r\000e\000g\000i\000o\000n\000s\000\040\000o\000f\000\040\000i\000n\000t\000e\000r\000e\000s\000t\000\040\000w\000h\000e\000n\000\040\000N\000\040\000h\000a\000s\000\040\000o\000n\000l\000y\000\040\000o\000n\000e\000\040\000p\000o\000i\000n\000t\000\040\000o\000f\000\040\000d\000i\000s\000c\000o\000n\000t\000i\000n\000u\000i\000t\000y\000\040\000a\000n\000d\000\040\000S\000\040\000i\000s\000\040\000a\000\040\000c\000o\000n\000t\000i\000n\000u\000o\000u\000s\000\040\000t\000-\000c\000o\000n\000o\000r\000m}{section.5.4}% 63
\BOOKMARK [2][-]{subsection.5.4.2}{\376\377\000D\000u\000a\000l\000i\000t\000y\000\040\000b\000e\000t\000w\000e\000e\000n\000\040\000t\000h\000e\000\040\000c\000o\000m\000p\000l\000e\000t\000i\000o\000n\000\040\000p\000r\000o\000b\000l\000e\000m\000\040\000f\000o\000r\000\040\000p\000r\000e\000-\000t\000-\000c\000o\000n\000o\000r\000m\000s\000\040\000a\000n\000d\000\040\000p\000r\000e\000-\000t\000-\000n\000o\000r\000m\000s}{section.5.4}% 64
\BOOKMARK [2][-]{subsection.5.4.3}{\376\377\000R\000e\000l\000a\000t\000e\000d\000\040\000b\000i\000b\000l\000i\000o\000g\000r\000a\000p\000h\000y}{section.5.4}% 65
\BOOKMARK [2][-]{subsection.5.4.4}{\376\377\000S\000i\000m\000p\000l\000i\000f\000i\000c\000a\000t\000i\000o\000n\000\040\000t\000o\000\040\000t\000h\000e\000\040\000m\000i\000n\000i\000m\000u\000m\000\040\000a\000n\000d\000\040\000c\000o\000n\000t\000i\000n\000u\000o\000u\000s\000\040\000A\000r\000c\000h\000i\000m\000e\000d\000e\000a\000n\000\040\000c\000a\000s\000e}{section.5.4}% 66
\BOOKMARK [2][-]{subsection.5.4.5}{\376\377\000R\000e\000g\000i\000o\000n\000s\000\040\0004\000\040\000a\000n\000d\000\040\0008\000:\000\040\000C\000a\000s\000e\000s\000\040\000t\000h\000a\000t\000\040\000a\000r\000e\000\040\000a\000l\000r\000e\000a\000d\000y\000\040\000s\000o\000l\000v\000e\000d\000\040\000i\000n\000\040\000t\000h\000e\000\040\000l\000i\000t\000e\000r\000a\000t\000u\000r\000e}{section.5.4}% 67
\BOOKMARK [2][-]{subsection.5.4.6}{\376\377\000T\000h\000e\000\040\000m\000i\000n\000i\000m\000u\000m\000\040\000c\000a\000s\000e}{section.5.4}% 68
\BOOKMARK [2][-]{subsection.5.4.7}{\376\377\000G\000e\000n\000e\000r\000a\000t\000o\000r\000\040\000o\000f\000\040\000a\000\040\000c\000a\000n\000c\000e\000l\000l\000a\000t\000i\000v\000e\000\040\000p\000r\000e\000-\000t\000-\000n\000o\000r\000m\000\040\000d\000e\000f\000i\000n\000e\000d\000\040\000a\000b\000o\000v\000e\000\040\000a\000\040\000l\000e\000v\000e\000l\000\040\000c\000u\000r\000v\000e}{section.5.4}% 69
\BOOKMARK [2][-]{subsection.5.4.8}{\376\377\000T\000h\000e\000\040\000c\000a\000n\000c\000e\000l\000l\000a\000t\000i\000v\000e\000\040\000c\000a\000s\000e}{section.5.4}% 70
\BOOKMARK [3][-]{subsubsection.5.4.8.1}{\376\377\000R\000e\000g\000i\000o\000n\000\040\0003\000:\000\040\000C\000o\000n\000t\000i\000n\000u\000o\000u\000s\000\040\000c\000o\000m\000p\000l\000e\000t\000i\000o\000n\000s\000\040\000o\000f\000\040\000a\000\040\000c\000o\000n\000t\000i\000n\000u\000o\000u\000s\000,\000\040\000c\000a\000n\000c\000e\000l\000l\000a\000t\000i\000v\000e\000\040\000p\000r\000e\000-\000t\000-\000n\000o\000r\000m\000\040\000d\000e\000f\000i\000n\000e\000d\000\040\000o\000n\000\040\000A\000=\000[\0000\000,\0001\000]\0002\000\040\000\050\0000\000,\000a\000\051\0002\000\040\000w\000i\000t\000h\000\040\000a\000\040\000\050\0000\000,\0001\000\051}{subsection.5.4.8}% 71
\BOOKMARK [3][-]{subsubsection.5.4.8.2}{\376\377\000R\000e\000g\000i\000o\000n\000\040\0002\000:\000\040\000C\000o\000n\000t\000i\000n\000u\000o\000u\000s\000\040\000c\000o\000m\000p\000l\000e\000t\000i\000o\000n\000s\000\040\000o\000f\000\040\000a\000\040\000c\000o\000n\000t\000i\000n\000u\000o\000u\000s\000,\000\040\000c\000a\000n\000c\000e\000l\000l\000a\000t\000i\000v\000e\000\040\000p\000r\000e\000-\000t\000-\000n\000o\000r\000m\000\040\000d\000e\000f\000i\000n\000e\000d\000\040\000o\000n\000\040\000A\000=\000[\0000\000,\0001\000]\0002\000\040\000\050\000a\000,\0001\000\051\0002\000\040\000w\000i\000t\000h\000\040\000a\000\040\000\050\0000\000,\0001\000\051}{subsection.5.4.8}% 72
\BOOKMARK [3][-]{subsubsection.5.4.8.3}{\376\377\000R\000e\000m\000a\000i\000n\000i\000n\000g\000\040\000r\000e\000g\000i\000o\000n\000s\000:\000\040\000R\000e\000g\000i\000o\000n\000s\000\040\0001\000,\000\040\0005\000,\000\040\0006\000\040\000a\000n\000d\000\040\0007}{subsection.5.4.8}% 73
\BOOKMARK [2][-]{subsection.5.4.9}{\376\377\000T\000h\000e\000\040\000c\000o\000n\000d\000i\000t\000i\000o\000n\000a\000l\000\040\000c\000a\000n\000c\000e\000l\000l\000a\000t\000i\000v\000e\000\040\000c\000a\000s\000e}{section.5.4}% 74
\BOOKMARK [3][-]{subsubsection.5.4.9.1}{\376\377\000R\000e\000g\000i\000o\000n\000\040\0003\000:\000\040\000C\000o\000n\000t\000i\000n\000u\000o\000u\000s\000\040\000c\000o\000m\000p\000l\000e\000t\000i\000o\000n\000s\000\040\000o\000f\000\040\000a\000\040\000c\000o\000n\000t\000i\000n\000u\000o\000u\000s\000,\000\040\000c\000o\000n\000d\000i\000t\000i\000o\000n\000a\000l\000\040\000c\000a\000n\000c\000e\000l\000l\000a\000t\000i\000v\000e\000\040\000p\000r\000e\000-\000t\000-\000n\000o\000r\000m\000\040\000d\000e\000f\000i\000n\000e\000d\000\040\000o\000n\000\040\000A\000=\000[\0000\000,\0001\000]\0002\000\040\000\050\0000\000,\000a\000\051\0002\000\040\000w\000i\000t\000h\000\040\000a\000\040\000\050\0000\000,\0001\000\051}{subsection.5.4.9}% 75
\BOOKMARK [3][-]{subsubsection.5.4.9.2}{\376\377\000R\000e\000g\000i\000o\000n\000\040\0002\000:\000\040\000C\000o\000n\000t\000i\000n\000u\000o\000u\000s\000\040\000c\000o\000m\000p\000l\000e\000t\000i\000o\000n\000s\000\040\000o\000f\000\040\000a\000\040\000c\000o\000n\000t\000i\000n\000u\000o\000u\000s\000,\000\040\000c\000o\000n\000d\000i\000t\000i\000o\000n\000a\000l\000\040\000c\000a\000n\000c\000e\000l\000l\000a\000t\000i\000v\000e\000\040\000p\000r\000e\000-\000t\000-\000n\000o\000r\000m\000\040\000d\000e\000f\000i\000n\000e\000d\000\040\000o\000n\000\040\000A\000=\000[\0000\000,\0001\000]\0002\000\040\000\050\000a\000,\0001\000\051\0002\000\040\000w\000i\000t\000h\000\040\000a\000\040\000\050\0000\000,\0001\000\051}{subsection.5.4.9}% 76
\BOOKMARK [3][-]{subsubsection.5.4.9.3}{\376\377\000R\000e\000g\000i\000o\000n\000s\000\040\0001\000,\000\040\0005\000\040\000a\000n\000d\000\040\0007}{subsection.5.4.9}% 77
\BOOKMARK [3][-]{subsubsection.5.4.9.4}{\376\377\000R\000e\000g\000i\000o\000n\000\040\0006\000:\000\040\000C\000o\000n\000t\000i\000n\000u\000o\000u\000s\000\040\000c\000o\000m\000p\000l\000e\000t\000i\000o\000n\000s\000\040\000o\000f\000\040\000a\000\040\000c\000o\000n\000d\000i\000t\000i\000o\000n\000a\000l\000\040\000c\000a\000n\000c\000e\000l\000l\000a\000t\000i\000v\000e\000\040\000p\000r\000e\000-\000t\000-\000n\000o\000r\000m\000\040\000d\000e\000f\000i\000n\000e\000d\000\040\000o\000n\000\040\000B\000=\000[\0000\000,\0001\000]\0002\000\040\000\050\000a\000,\0001\000\051\0002\000\040\000\173\000c\000\175\000\040\000[\0000\000,\0001\000]\000\040\000[\0000\000,\0001\000]\000\040\000\173\000c\000\175}{subsection.5.4.9}% 78
\BOOKMARK [2][-]{subsection.5.4.10}{\376\377\000S\000u\000m\000m\000a\000r\000y}{section.5.4}% 79
\BOOKMARK [1][-]{section.5.5}{\376\377\000S\000e\000c\000o\000n\000d\000\040\000c\000h\000a\000r\000a\000c\000t\000e\000r\000i\000z\000a\000t\000i\000o\000n\000\040\000o\000f\000\040\000\050\000S\000,\000N\000\051\000-\000i\000m\000p\000l\000i\000c\000a\000t\000i\000o\000n\000s}{chapter.5}% 80
\BOOKMARK [2][-]{subsection.5.5.1}{\376\377\000N\000\040\000h\000a\000s\000\040\000o\000n\000e\000\040\000p\000o\000i\000n\000t\000\040\000o\000f\000\040\000d\000i\000s\000c\000o\000n\000t\000i\000n\000u\000i\000t\000y\000\040\000a\000n\000d\000\040\000S\000\040\000i\000s\000\040\000t\000h\000e\000\040\000m\000a\000x\000i\000m\000u\000m\000\040\000t\000-\000c\000o\000n\000o\000r\000m}{section.5.5}% 81
\BOOKMARK [2][-]{subsection.5.5.2}{\376\377\000N\000\040\000h\000a\000s\000\040\000o\000n\000e\000\040\000p\000o\000i\000n\000t\000\040\000o\000f\000\040\000d\000i\000s\000c\000o\000n\000t\000i\000n\000u\000i\000t\000y\000\040\000a\000n\000d\000\040\000S\000\040\000i\000s\000\040\000a\000\040\000c\000o\000n\000t\000i\000n\000u\000o\000u\000s\000\040\000A\000r\000c\000h\000i\000m\000e\000d\000e\000a\000n\000\040\000t\000-\000c\000o\000n\000o\000r\000m}{section.5.5}% 82
\BOOKMARK [3][-]{subsubsection.5.5.2.1}{\376\377\000N\000\040\000h\000a\000s\000\040\000o\000n\000e\000\040\000p\000o\000i\000n\000t\000\040\000o\000f\000\040\000d\000i\000s\000c\000o\000n\000t\000i\000n\000u\000i\000t\000y\000\040\000a\000n\000d\000\040\000S\000\040\000i\000s\000\040\000a\000\040\000s\000t\000r\000i\000c\000t\000\040\000t\000-\000c\000o\000n\000o\000r\000m}{subsection.5.5.2}% 83
\BOOKMARK [3][-]{subsubsection.5.5.2.2}{\376\377\000N\000\040\000h\000a\000s\000\040\000o\000n\000e\000\040\000p\000o\000i\000n\000t\000\040\000o\000f\000\040\000d\000i\000s\000c\000o\000n\000t\000i\000n\000u\000i\000t\000y\000\040\000a\000n\000d\000\040\000S\000\040\000i\000s\000\040\000a\000\040\000n\000i\000l\000p\000o\000t\000e\000n\000t\000\040\000t\000-\000c\000o\000n\000o\000r\000m}{subsection.5.5.2}% 84
\BOOKMARK [2][-]{subsection.5.5.3}{\376\377\000A\000\040\000p\000r\000o\000m\000i\000s\000i\000n\000g\000\040\000c\000o\000r\000o\000l\000l\000a\000r\000y\000\040\000t\000o\000w\000a\000r\000d\000s\000\040\000c\000o\000n\000s\000i\000d\000e\000r\000i\000n\000g\000\040\000a\000\040\000f\000u\000z\000z\000y\000\040\000n\000e\000g\000a\000t\000i\000o\000n\000\040\000w\000i\000t\000h\000\040\000a\000\040\000n\000u\000m\000e\000r\000a\000b\000l\000e\000\040\000s\000e\000t\000\040\000o\000f\000\040\000d\000i\000s\000c\000o\000n\000t\000i\000n\000u\000i\000t\000i\000e\000s}{section.5.5}% 85
\BOOKMARK [1][-]{section.5.6}{\376\377\000C\000o\000n\000c\000l\000u\000s\000i\000o\000n\000s\000\040\000a\000n\000d\000\040\000f\000u\000t\000u\000r\000e\000\040\000w\000o\000r\000k}{chapter.5}% 86
\BOOKMARK [0][-]{chapter.6}{\376\377\000A\000\040\000n\000e\000w\000\040\000a\000p\000p\000r\000o\000a\000c\000h\000\040\000t\000o\000\040\000s\000u\000b\000g\000r\000o\000u\000p\000\040\000d\000i\000s\000c\000o\000v\000e\000r\000y\000\040\000b\000a\000s\000e\000d\000\040\000o\000n\000\040\000f\000u\000z\000z\000y\000\040\000i\000m\000p\000l\000i\000c\000a\000t\000i\000o\000n\000s}{}% 87
\BOOKMARK [1][-]{section.6.1}{\376\377\000I\000n\000t\000r\000o\000d\000u\000c\000t\000i\000o\000n}{chapter.6}% 88
\BOOKMARK [1][-]{section.6.2}{\376\377\000T\000h\000e\000\040\000s\000e\000t\000t\000i\000n\000g\000:\000\040\000I\000n\000t\000r\000o\000d\000u\000c\000i\000n\000g\000\040\000f\000u\000z\000z\000y\000\040\000i\000m\000p\000l\000i\000c\000a\000t\000i\000o\000n\000\040\000f\000u\000n\000c\000t\000i\000o\000n\000s\000\040\000i\000n\000\040\000s\000u\000b\000g\000r\000o\000u\000p\000\040\000d\000i\000s\000c\000o\000v\000e\000r\000y}{chapter.6}% 89
\BOOKMARK [2][-]{subsection.6.2.1}{\376\377\000R\000u\000l\000e\000'\000s\000\040\000m\000o\000d\000e\000l\000i\000n\000g}{section.6.2}% 90
\BOOKMARK [2][-]{subsection.6.2.2}{\376\377\000A\000\040\000n\000e\000w\000\040\000p\000e\000r\000s\000p\000e\000c\000t\000i\000v\000e\000\040\000o\000f\000\040\000f\000u\000z\000z\000y\000\040\000s\000u\000b\000g\000r\000o\000u\000p\000s\000\040\000a\000s\000\040\000g\000e\000n\000e\000r\000a\000l\000i\000z\000a\000t\000i\000o\000n\000\040\000o\000f\000\040\000c\000r\000i\000s\000p\000\040\000s\000u\000b\000g\000r\000o\000u\000p\000s}{section.6.2}% 91
\BOOKMARK [2][-]{subsection.6.2.3}{\376\377\000Q\000u\000a\000l\000i\000t\000y\000\040\000m\000e\000a\000s\000u\000r\000e\000s}{section.6.2}% 92
\BOOKMARK [2][-]{subsection.6.2.4}{\376\377\000P\000r\000u\000n\000i\000n\000g\000:\000\040\000O\000p\000t\000i\000m\000i\000s\000t\000i\000c\000\040\000e\000s\000t\000i\000m\000a\000t\000e\000s}{section.6.2}% 93
\BOOKMARK [1][-]{section.6.3}{\376\377\000S\000e\000l\000e\000c\000t\000i\000o\000n\000\040\000o\000f\000\040\000a\000n\000\040\000a\000d\000e\000q\000u\000a\000t\000e\000\040\000p\000a\000i\000r\000\040\000\050\000I\000,\000T\000\051}{chapter.6}% 94
\BOOKMARK [1][-]{section.6.4}{\376\377\000P\000r\000o\000p\000o\000s\000e\000d\000\040\000S\000D\000\040\000a\000l\000g\000o\000r\000i\000t\000h\000m\000s}{chapter.6}% 95
\BOOKMARK [2][-]{subsection.6.4.1}{\376\377\000T\000o\000p\000-\000k\000\040\000F\000W\000R\000A\000c\000c\000\040\000s\000u\000b\000g\000r\000o\000u\000p\000s\000\040\000w\000i\000t\000h\000\040\000f\000u\000z\000z\000y\000\040\000i\000m\000p\000l\000i\000c\000a\000t\000i\000o\000n\000\040\000f\000u\000n\000c\000t\000i\000o\000n\000s\000\040\000a\000n\000d\000\040\000o\000p\000t\000i\000m\000i\000s\000t\000i\000c\000\040\000e\000s\000t\000i\000m\000a\000t\000e}{section.6.4}% 96
\BOOKMARK [2][-]{subsection.6.4.2}{\376\377\000T\000o\000p\000-\000k\000\040\000F\000W\000R\000A\000c\000c\000\040\000s\000u\000b\000g\000r\000o\000u\000p\000s\000\040\000w\000i\000t\000h\000\040\000f\000u\000z\000z\000y\000\040\000i\000m\000p\000l\000i\000c\000a\000t\000i\000o\000n\000\040\000f\000u\000n\000c\000t\000i\000o\000n\000s\000\040\000a\000n\000d\000\040\000e\000x\000a\000m\000p\000l\000e\000\040\000w\000e\000i\000g\000h\000t\000i\000n\000g}{section.6.4}% 97
\BOOKMARK [1][-]{section.6.5}{\376\377\000S\000h\000a\000r\000p\000\040\000t\000r\000a\000n\000s\000i\000t\000i\000o\000n\000s}{chapter.6}% 98
\BOOKMARK [1][-]{section.6.6}{\376\377\000E\000x\000p\000e\000r\000i\000m\000e\000n\000t\000a\000l\000\040\000r\000e\000s\000u\000l\000t\000s}{chapter.6}% 99
\BOOKMARK [2][-]{subsection.6.6.1}{\376\377\000A\000\040\000g\000e\000n\000e\000r\000a\000l\000\040\000d\000i\000s\000c\000u\000s\000s\000i\000o\000n\000\040\000o\000n\000\040\000t\000h\000e\000\040\000s\000e\000l\000e\000c\000t\000i\000o\000n\000\040\000o\000f\000\040\000d\000i\000f\000f\000e\000r\000e\000n\000t\000\040\000f\000u\000z\000z\000y\000\040\000p\000a\000r\000t\000i\000t\000i\000o\000n\000s\000\040\000a\000n\000d\000\040\000o\000p\000e\000r\000a\000t\000o\000r\000s}{section.6.6}% 100
\BOOKMARK [2][-]{subsection.6.6.2}{\376\377\000A\000\040\000c\000a\000s\000e\000\040\000s\000t\000u\000d\000y\000:\000\040\000T\000h\000e\000\040\000U\000n\000i\000t\000e\000d\000\040\000S\000t\000a\000t\000e\000s\000\040\000E\000l\000e\000c\000t\000i\000o\000n\000s}{section.6.6}% 101
\BOOKMARK [1][-]{section.6.7}{\376\377\000C\000o\000n\000c\000l\000u\000s\000i\000o\000n\000s\000\040\000a\000n\000d\000\040\000f\000u\000t\000u\000r\000e\000\040\000w\000o\000r\000k}{chapter.6}% 102
\BOOKMARK [0][-]{chapter.7}{\376\377\000C\000o\000n\000c\000l\000u\000s\000i\000o\000n\000s\000\040\000a\000n\000d\000\040\000f\000u\000t\000u\000r\000e\000\040\000o\000u\000t\000l\000o\000o\000k}{}% 103
\BOOKMARK [0][-]{chapter*.72}{\376\377\000B\000i\000b\000l\000i\000o\000g\000r\000a\000p\000h\000y}{}% 104
